\BOOKMARK [0][]{chapter*.2}{\376\377\004\022\004\022\004\025\004\024\004\025\004\035\004\030\004\025}{}% 1
\BOOKMARK [0][]{chapter.1}{\376\377\0001\000.\000\040\000\040\004\041\004\102\004\060\004\102\004\070\004\107\004\065\004\101\004\072\004\070\004\065\000\040\004\060\004\075\004\060\004\073\004\070\004\067\004\060\004\102\004\076\004\100\004\113}{}% 2
\BOOKMARK [1][]{section.1.1}{\376\377\0001\000.\0001\000.\000\040\000\040\004\022\004\062\004\065\004\064\004\065\004\075\004\070\004\065}{chapter.1}% 3
\BOOKMARK [1][]{section.1.2}{\376\377\0001\000.\0002\000.\000\040\000\040\004\040\004\065\004\110\004\060\004\065\004\074\004\113\004\065\000\040\004\067\004\060\004\064\004\060\004\107\004\070}{chapter.1}% 4
\BOOKMARK [2][-]{subsection.1.2.1}{\376\377\0001\000.\0002\000.\0001\000.\000\040\000\040\004\022\004\113\004\117\004\062\004\073\004\065\004\075\004\070\004\065\000\040\004\076\004\110\004\070\004\061\004\076\004\072\000\040\004\062\000\040\004\077\004\100\004\076\004\063\004\100\004\060\004\074\004\074\004\060\004\105}{section.1.2}% 5
\BOOKMARK [2][-]{subsection.1.2.2}{\376\377\0001\000.\0002\000.\0002\000.\000\040\000\040\004\040\004\065\004\072\004\076\004\074\004\065\004\075\004\064\004\060\004\106\004\070\004\070\000\040\004\077\004\076\000\040\004\076\004\104\004\076\004\100\004\074\004\073\004\065\004\075\004\070\004\116\000\040\004\072\004\076\004\064\004\060}{section.1.2}% 6
\BOOKMARK [2][-]{subsection.1.2.3}{\376\377\0001\000.\0002\000.\0003\000.\000\040\000\040\004\037\004\076\004\064\004\101\004\107\004\065\004\102\000\040\004\074\004\065\004\102\004\100\004\070\004\072}{section.1.2}% 7
\BOOKMARK [2][-]{subsection.1.2.4}{\376\377\0001\000.\0002\000.\0004\000.\000\040\000\040\004\037\004\076\004\070\004\101\004\072\000\040\004\103\004\117\004\067\004\062\004\070\004\074\004\076\004\101\004\102\004\065\004\071}{section.1.2}% 8
\BOOKMARK [2][-]{subsection.1.2.5}{\376\377\0001\000.\0002\000.\0005\000.\000\040\000\040\004\024\004\100\004\103\004\063\004\070\004\065}{section.1.2}% 9
\BOOKMARK [1][]{section.1.3}{\376\377\0001\000.\0003\000.\000\040\000\040\004\037\004\100\004\065\004\070\004\074\004\103\004\111\004\065\004\101\004\102\004\062\004\060\000\040\004\070\000\040\004\075\004\065\004\064\004\076\004\101\004\102\004\060\004\102\004\072\004\070}{chapter.1}% 10
\BOOKMARK [1][]{section.1.4}{\376\377\0001\000.\0004\000.\000\040\000\040\004\041\004\103\004\111\004\065\004\101\004\102\004\062\004\116\004\111\004\070\004\065\000\040\004\101\004\102\004\060\004\102\004\070\004\107\004\065\004\101\004\072\004\070\004\065\000\040\004\060\004\075\004\060\004\073\004\070\004\067\004\060\004\102\004\076\004\100\004\113}{chapter.1}% 11
\BOOKMARK [2][-]{subsection.1.4.1}{\376\377\0001\000.\0004\000.\0001\000.\000\040\000\040\000P\000V\000S\000-\000S\000t\000u\000d\000i\000o}{section.1.4}% 12
\BOOKMARK [2][-]{subsection.1.4.2}{\376\377\0001\000.\0004\000.\0002\000.\000\040\000\040\000C\000o\000v\000e\000r\000i\000t\000y}{section.1.4}% 13
\BOOKMARK [2][-]{subsection.1.4.3}{\376\377\0001\000.\0004\000.\0003\000.\000\040\000\040\000F\000l\000i\000n\000t}{section.1.4}% 14
\BOOKMARK [2][-]{subsection.1.4.4}{\376\377\0001\000.\0004\000.\0004\000.\000\040\000\040\000C\000l\000a\000n\000g\000\040\000S\000t\000a\000t\000i\000c\000\040\000A\000n\000a\000l\000y\000z\000e\000r}{section.1.4}% 15
\BOOKMARK [0][]{chapter.2}{\376\377\0002\000.\000\040\000\040\004\032\004\076\004\074\004\077\004\070\004\073\004\117\004\102\004\076\004\100\000\040\000c\000l\000a\000n\000g\000\040\004\070\000\040\004\074\004\076\004\064\004\103\004\073\004\070\000\040\004\064\004\073\004\117\000\040\004\075\004\065\004\063\004\076}{}% 16
\BOOKMARK [1][]{section.2.1}{\376\377\0002\000.\0001\000.\000\040\000\040\004\036\000\040\000C\000l\000a\000n\000g}{chapter.2}% 17
\BOOKMARK [1][]{section.2.2}{\376\377\0002\000.\0002\000.\000\040\000\040\004\020\004\061\004\101\004\102\004\100\004\060\004\072\004\102\004\075\004\076\004\065\000\040\004\101\004\070\004\075\004\102\004\060\004\072\004\101\004\070\004\107\004\065\004\101\004\072\004\076\004\065\000\040\004\064\004\065\004\100\004\065\004\062\004\076}{chapter.2}% 18
\BOOKMARK [1][]{section.2.3}{\376\377\0002\000.\0003\000.\000\040\000\040\004\041\004\102\004\100\004\103\004\072\004\102\004\103\004\100\004\060\000\040\004\060\004\061\004\101\004\102\004\100\004\060\004\072\004\102\004\075\004\076\004\063\004\076\000\040\004\101\004\070\004\075\004\102\004\060\004\072\004\101\004\070\004\107\004\065\004\101\004\072\004\076\004\063\004\076\000\040\004\064\004\065\004\100\004\065\004\062\004\060\000\040\000C\000l\000a\000n\000g}{chapter.2}% 19
\BOOKMARK [1][]{section.2.4}{\376\377\0002\000.\0004\000.\000\040\000\040\004\037\004\100\004\070\004\074\004\065\004\100\000\040\004\060\004\061\004\101\004\102\004\100\004\060\004\072\004\102\004\075\004\076\004\063\004\076\000\040\004\101\004\070\004\075\004\102\004\060\004\072\004\101\004\070\004\107\004\065\004\101\004\072\004\076\004\063\004\076\000\040\004\064\004\065\004\100\004\065\004\062\004\060}{chapter.2}% 20
\BOOKMARK [1][]{section.2.5}{\376\377\0002\000.\0005\000.\000\040\000\040\004\041\004\077\004\076\004\101\004\076\004\061\004\113\000\040\004\070\004\101\004\077\004\076\004\073\004\114\004\067\004\076\004\062\004\060\004\075\004\070\004\117\000\040\000C\000l\000a\000n\000g}{chapter.2}% 21
\BOOKMARK [1][]{section.2.6}{\376\377\0002\000.\0006\000.\000\040\000\040\000R\000e\000c\000u\000r\000s\000i\000v\000e\000A\000S\000T\000V\000i\000s\000i\000t\000o\000r\000\040\004\070\000\040\000A\000S\000T\000M\000a\000t\000c\000h\000e\000r}{chapter.2}% 22
\BOOKMARK [0][]{chapter.3}{\376\377\0003\000.\000\040\000\040\004\040\004\060\004\067\004\100\004\060\004\061\004\076\004\102\004\072\004\060\000\040\004\074\004\076\004\064\004\103\004\073\004\117\000\040\004\064\004\073\004\117\000\040\000C\000l\000a\000n\000g}{}% 23
\BOOKMARK [1][]{section.3.1}{\376\377\0003\000.\0001\000.\000\040\000\040\004\041\004\077\004\070\004\101\004\076\004\072\000\040\004\064\004\076\004\101\004\102\004\103\004\077\004\075\004\113\004\105\000\040\004\077\004\100\004\076\004\062\004\065\004\100\004\076\004\072}{chapter.3}% 24
\BOOKMARK [2][-]{subsection.3.1.1}{\376\377\0003\000.\0001\000.\0001\000.\000\040\000\040\004\036\004\064\004\070\004\075\004\072\004\076\004\062\004\113\004\065\000\040\004\103\004\101\004\073\004\076\004\062\004\070\004\117}{section.3.1}% 25
\BOOKMARK [2][-]{subsection.3.1.2}{\376\377\0003\000.\0001\000.\0002\000.\000\040\000\040\004\036\004\064\004\070\004\075\004\060\004\072\004\076\004\062\004\113\004\065\000\040\004\062\004\065\004\102\004\072\004\070\000\040\000i\000f\000-\000e\000l\000s\000e}{section.3.1}% 26
\BOOKMARK [2][-]{subsection.3.1.3}{\376\377\0003\000.\0001\000.\0003\000.\000\040\000\040\004\036\004\064\004\070\004\075\004\060\004\072\004\076\004\062\004\113\004\065\000\040\004\103\004\073\004\076\004\062\004\070\004\117\000\040\004\103\000\040\000i\000f\000-\000e\000l\000s\000e\000-\000i\000f}{section.3.1}% 27
\BOOKMARK [2][-]{subsection.3.1.4}{\376\377\0003\000.\0001\000.\0004\000.\000\040\000\040\004\036\004\110\004\070\004\061\004\072\004\070\000\040\004\070\004\101\004\077\004\076\004\073\004\114\004\067\004\076\004\062\004\060\004\075\004\070\004\117\000\040\004\104\004\103\004\075\004\072\004\106\004\070\004\070\000\040\000m\000e\000m\000s\000e\000t}{section.3.1}% 28
\BOOKMARK [2][-]{subsection.3.1.5}{\376\377\0003\000.\0001\000.\0005\000.\000\040\000\040\004\035\004\065\004\062\004\065\004\100\004\075\004\113\004\071\000\040\004\100\004\060\004\067\004\074\004\065\004\100\000\040\004\064\004\073\004\117\000\040\004\062\004\113\004\064\004\065\004\073\004\065\004\075\004\070\004\117\000\040\004\077\004\060\004\074\004\117\004\102\004\070\000\040\004\077\004\076\004\064\000\040\004\101\004\102\004\100\004\076\004\072\004\103}{section.3.1}% 29
\BOOKMARK [2][-]{subsection.3.1.6}{\376\377\0003\000.\0001\000.\0006\000.\000\040\000\040\004\036\004\077\004\065\004\107\004\060\004\102\004\072\004\060\000\040\004\077\004\100\004\070\000\040\004\070\004\101\004\077\004\076\004\073\004\114\004\067\004\076\004\062\004\060\004\075\004\070\004\070\000\040\000s\000t\000r\000l\000e\000n}{section.3.1}% 30
\BOOKMARK [2][-]{subsection.3.1.7}{\376\377\0003\000.\0001\000.\0007\000.\000\040\000\040\004\037\004\076\004\102\004\065\004\075\004\106\004\070\004\060\004\073\004\114\004\075\004\060\004\117\000\040\004\076\004\110\004\070\004\061\004\072\004\060\000\040\004\077\004\100\004\070\000\040\004\070\004\101\004\077\004\076\004\073\004\114\004\067\004\076\004\062\004\060\004\075\004\070\004\070\000\040\000s\000t\000r\000c\000m\000p\000\040\004\062\000\040\004\103\004\101\004\073\004\076\004\062\004\070\004\070}{section.3.1}% 31
\BOOKMARK [2][-]{subsection.3.1.8}{\376\377\0003\000.\0001\000.\0008\000.\000\040\000\040\004\036\004\064\004\070\004\075\004\060\004\072\004\076\004\062\004\113\004\065\000\040\004\060\004\100\004\063\004\103\004\074\004\065\004\075\004\102\004\113\000\040\004\104\004\103\004\075\004\072\004\106\004\070\004\071\000\040\000s\000t\000r\000c\000m\000p\000,\000s\000t\000r\000n\000c\000m\000p\000,\000m\000e\000m\000m\000o\000v\000e\000,\000m\000e\000m\000c\000p\000y\000,\000s\000t\000r\000s\000t\000r}{section.3.1}% 32
\BOOKMARK [2][-]{subsection.3.1.9}{\376\377\0003\000.\0001\000.\0009\000.\000\040\000\040\004\022\004\113\004\100\004\060\004\066\004\065\004\075\004\070\004\065\000\040\004\062\004\075\004\103\004\102\004\100\004\070\000\040\000s\000i\000z\000e\000o\000f}{section.3.1}% 33
\BOOKMARK [2][-]{subsection.3.1.10}{\376\377\0003\000.\0001\000.\0001\0000\000.\000\040\000\040\004\037\004\065\004\100\004\065\004\074\004\075\004\076\004\066\004\065\004\075\004\070\004\065\000\040\000s\000i\000z\000e\000o\000f\000\040\004\075\004\060\000\040\000s\000i\000z\000e\000o\000f}{section.3.1}% 34
\BOOKMARK [2][-]{subsection.3.1.11}{\376\377\0003\000.\0001\000.\0001\0001\000.\000\040\000\040\004\022\004\113\004\064\004\065\004\073\004\065\004\075\004\070\004\065\000\040\004\077\004\060\004\074\004\117\004\102\004\070\000\040\004\064\004\073\004\117\000\040\004\076\004\064\004\075\004\076\004\063\004\076\000\040\004\077\004\100\004\076\004\101\004\102\004\076\004\063\004\076\000\040\004\102\004\070\004\077\004\060\000\040\004\101\000\040\004\070\004\075\004\070\004\106\004\070\004\060\004\073\004\070\004\067\004\060\004\106\004\070\004\065\004\071}{section.3.1}% 35
\BOOKMARK [2][-]{subsection.3.1.12}{\376\377\0003\000.\0001\000.\0001\0002\000.\000\040\000\040\004\041\004\100\004\060\004\062\004\075\004\065\004\075\004\070\004\065\000\040\004\103\004\072\004\060\004\067\004\060\004\102\004\065\004\073\004\117\000\040\004\070\000\040\0000}{section.3.1}% 36
\BOOKMARK [1][]{section.3.2}{\376\377\0003\000.\0002\000.\000\040\000\040\004\024\004\070\004\060\004\063\004\100\004\060\004\074\004\074\004\060\000\040\004\072\004\073\004\060\004\101\004\101\004\076\004\062}{chapter.3}% 37
\BOOKMARK [1][]{section.3.3}{\376\377\0003\000.\0003\000.\000\040\000\040\004\024\004\070\004\075\004\060\004\074\004\070\004\107\004\065\004\101\004\072\004\076\004\065\000\040\004\077\004\076\004\064\004\072\004\073\004\116\004\107\004\065\004\075\004\070\004\065\000\040\004\077\004\100\004\076\004\062\004\065\004\100\004\076\004\072}{chapter.3}% 38
\BOOKMARK [1][]{section.3.4}{\376\377\0003\000.\0004\000.\000\040\000\040\004\024\004\076\004\061\004\060\004\062\004\073\004\065\004\075\004\070\004\065\000\040\004\075\004\076\004\062\004\113\004\105\000\040\004\077\004\100\004\076\004\062\004\065\004\100\004\076\004\072}{chapter.3}% 39
\BOOKMARK [0][]{chapter.4}{\376\377\0004\000.\000\040\000\040\004\042\004\065\004\101\004\102\004\070\004\100\004\076\004\062\004\060\004\075\004\070\004\065\000\040\004\070\000\040\004\060\004\075\004\060\004\073\004\070\004\067\000\040\004\100\004\060\004\067\004\100\004\060\004\061\004\076\004\102\004\060\004\075\004\075\004\076\004\063\004\076\000\040\004\074\004\076\004\064\004\103\004\073\004\117}{}% 40
\BOOKMARK [1][]{section.4.1}{\376\377\0004\000.\0001\000.\000\040\000\040\004\042\004\065\004\101\004\102\004\070\004\100\004\076\004\062\004\060\004\075\004\070\004\065}{chapter.4}% 41
\BOOKMARK [1][]{section.4.2}{\376\377\0004\000.\0002\000.\000\040\000\040\004\020\004\075\004\060\004\073\004\070\004\067}{chapter.4}% 42
\BOOKMARK [0][]{chapter*.13}{\376\377\004\027\004\020\004\032\004\033\004\056\004\047\004\025\004\035\004\030\004\025}{}% 43
\BOOKMARK [0][]{appendix.A}{\376\377\004\037\004\040\004\030\004\033\004\036\004\026\004\025\004\035\004\030\004\025\000\040\004\020\000.\000\040\000\040\004\033\004\030\004\041\004\042\004\030\004\035\004\023\004\030}{}% 44
